0 info it worked if it ends with ok
1 verbose cli [ 'node', '/usr/local/bin/npm', 'install' ]
2 info using npm@1.4.13
3 info using node@v0.10.26
4 warn package.json KarJas@0.0.0 No README data
5 verbose readDependencies using package.json deps
6 verbose install where, deps [ '/Users/pabloj/dev/unit-testing/karma', [] ]
7 info preinstall KarJas@0.0.0
8 verbose readDependencies using package.json deps
9 silly resolved []
10 info build /Users/pabloj/dev/unit-testing/karma
11 verbose linkStuff [ false, false, false, '/Users/pabloj/dev/unit-testing' ]
12 info linkStuff KarJas@0.0.0
13 verbose linkBins KarJas@0.0.0
14 verbose linkMans KarJas@0.0.0
15 verbose rebuildBundles KarJas@0.0.0
16 info install KarJas@0.0.0
17 info postinstall KarJas@0.0.0
18 verbose unsafe-perm in lifecycle true
19 info KarJas@0.0.0 Failed to exec postinstall script
20 error KarJas@0.0.0 postinstall: `karma karma.conf.js`
20 error Exit status 1
21 error Failed at the KarJas@0.0.0 postinstall script.
21 error This is most likely a problem with the KarJas package,
21 error not with npm itself.
21 error Tell the author that this fails on your system:
21 error     karma karma.conf.js
21 error You can get their info via:
21 error     npm owner ls KarJas
21 error There is likely additional logging output above.
22 error System Darwin 13.2.0
23 error command "node" "/usr/local/bin/npm" "install"
24 error cwd /Users/pabloj/dev/unit-testing/karma
25 error node -v v0.10.26
26 error npm -v 1.4.13
27 error code ELIFECYCLE
28 verbose exit [ 1, true ]
